GAS LISTING C:\DOCUME~1\NIZINS~1\LOCALS~1\Temp/ccCgLw7D.s 			page 1


   1               		.file	"util.c"
   2               	__SREG__ = 0x3f
   3               	__SP_H__ = 0x3e
   4               	__SP_L__ = 0x3d
   5               	__CCP__  = 0x34
   6               	__tmp_reg__ = 0
   7               	__zero_reg__ = 1
   8               		.text
   9               	.global	Delay
  10               		.type	Delay, @function
  11               	Delay:
  12               	/* prologue: function */
  13               	/* frame size = 0 */
  14 0000 2BE0      		ldi r18,11
  15 0002 660F      	1:	lsl r22
  16 0004 771F      		rol r23
  17 0006 881F      		rol r24
  18 0008 991F      		rol r25
  19 000a 2A95      		dec r18
  20 000c 01F4      		brne 1b
  21 000e 20E0      		ldi r18,lo8(0)
  22 0010 30E0      		ldi r19,hi8(0)
  23 0012 40E0      		ldi r20,hlo8(0)
  24 0014 50E0      		ldi r21,hhi8(0)
  25 0016 00C0      		rjmp .L2
  26               	.L3:
  27               	/* #APP */
  28               	 ;  57 "util.c" 1
  29 0018 0000      		nop
  30               		
  31               	 ;  0 "" 2
  32               	/* #NOAPP */
  33 001a 2F5F      		subi r18,lo8(-(1))
  34 001c 3F4F      		sbci r19,hi8(-(1))
  35 001e 4F4F      		sbci r20,hlo8(-(1))
  36 0020 5F4F      		sbci r21,hhi8(-(1))
  37               	.L2:
  38 0022 2617      		cp r18,r22
  39 0024 3707      		cpc r19,r23
  40 0026 4807      		cpc r20,r24
  41 0028 5907      		cpc r21,r25
  42 002a 04F0      		brlt .L3
  43               	/* epilogue start */
  44 002c 0895      		ret
  45               		.size	Delay, .-Delay
GAS LISTING C:\DOCUME~1\NIZINS~1\LOCALS~1\Temp/ccCgLw7D.s 			page 2


DEFINED SYMBOLS
                            *ABS*:00000000 util.c
C:\DOCUME~1\NIZINS~1\LOCALS~1\Temp/ccCgLw7D.s:2      *ABS*:0000003f __SREG__
C:\DOCUME~1\NIZINS~1\LOCALS~1\Temp/ccCgLw7D.s:3      *ABS*:0000003e __SP_H__
C:\DOCUME~1\NIZINS~1\LOCALS~1\Temp/ccCgLw7D.s:4      *ABS*:0000003d __SP_L__
C:\DOCUME~1\NIZINS~1\LOCALS~1\Temp/ccCgLw7D.s:5      *ABS*:00000034 __CCP__
C:\DOCUME~1\NIZINS~1\LOCALS~1\Temp/ccCgLw7D.s:6      *ABS*:00000000 __tmp_reg__
C:\DOCUME~1\NIZINS~1\LOCALS~1\Temp/ccCgLw7D.s:7      *ABS*:00000001 __zero_reg__
C:\DOCUME~1\NIZINS~1\LOCALS~1\Temp/ccCgLw7D.s:11     .text:00000000 Delay

NO UNDEFINED SYMBOLS
