GAS LISTING C:\DOCUME~1\NIZINS~1\LOCALS~1\Temp/cceJJGzD.s 			page 1


   1               		.file	"dhcp.c"
   2               	__SREG__ = 0x3f
   3               	__SP_H__ = 0x3e
   4               	__SP_L__ = 0x3d
   5               	__CCP__  = 0x34
   6               	__tmp_reg__ = 0
   7               	__zero_reg__ = 1
   8               		.text
   9               	.global	DhcpGetOption
  10               		.type	DhcpGetOption, @function
  11               	DhcpGetOption:
  12 0000 CF93      		push r28
  13 0002 DF93      		push r29
  14               	/* prologue: function */
  15               	/* frame size = 0 */
  16 0004 982F      		mov r25,r24
  17 0006 E0E0      		ldi r30,lo8(rframe+282)
  18 0008 F0E0      		ldi r31,hi8(rframe+282)
  19               	.L11:
  20 000a 8081      		ld r24,Z
  21 000c 8823      		tst r24
  22 000e 01F0      		breq .L12
  23               	.L2:
  24 0010 8F3F      		cpi r24,lo8(-1)
  25 0012 01F0      		breq .L4
  26 0014 EF01      		movw r28,r30
  27 0016 2196      		adiw r28,1
  28 0018 8917      		cp r24,r25
  29 001a 01F4      		brne .L5
  30 001c 9881      		ld r25,Y
  31 001e 4917      		cp r20,r25
  32 0020 00F4      		brsh .L6
  33 0022 942F      		mov r25,r20
  34               	.L6:
  35 0024 DF01      		movw r26,r30
  36 0026 20E0      		ldi r18,lo8(0)
  37 0028 30E0      		ldi r19,hi8(0)
  38 002a 00C0      		rjmp .L7
  39               	.L8:
  40 002c FB01      		movw r30,r22
  41 002e E20F      		add r30,r18
  42 0030 F31F      		adc r31,r19
  43 0032 1196      		adiw r26,1
  44 0034 8C91      		ld r24,X
  45 0036 1197      		sbiw r26,1
  46 0038 8083      		st Z,r24
  47 003a 2F5F      		subi r18,lo8(-(1))
  48 003c 3F4F      		sbci r19,hi8(-(1))
  49               	.L7:
  50 003e 1196      		adiw r26,1
  51 0040 2917      		cp r18,r25
  52 0042 00F0      		brlo .L8
  53 0044 8881      		ld r24,Y
  54 0046 00C0      		rjmp .L9
  55               	.L5:
  56 0048 8181      		ldd r24,Z+1
  57 004a FE01      		movw r30,r28
GAS LISTING C:\DOCUME~1\NIZINS~1\LOCALS~1\Temp/cceJJGzD.s 			page 2


  58 004c E80F      		add r30,r24
  59 004e F11D      		adc r31,__zero_reg__
  60               	.L12:
  61 0050 3196      		adiw r30,1
  62 0052 00C0      		rjmp .L11
  63               	.L4:
  64 0054 80E0      		ldi r24,lo8(0)
  65               	.L9:
  66               	/* epilogue start */
  67 0056 DF91      		pop r29
  68 0058 CF91      		pop r28
  69 005a 0895      		ret
  70               		.size	DhcpGetOption, .-DhcpGetOption
  71               	.global	DhcpSetOption
  72               		.type	DhcpSetOption, @function
  73               	DhcpSetOption:
  74 005c CF93      		push r28
  75 005e DF93      		push r29
  76               	/* prologue: function */
  77               	/* frame size = 0 */
  78 0060 FC01      		movw r30,r24
  79 0062 EA01      		movw r28,r20
  80 0064 322F      		mov r19,r18
  81 0066 DC01      		movw r26,r24
  82 0068 6D93      		st X+,r22
  83 006a 2183      		std Z+1,r18
  84 006c 1196      		adiw r26,1
  85 006e 922F      		mov r25,r18
  86 0070 00C0      		rjmp .L14
  87               	.L15:
  88 0072 8991      		ld r24,Y+
  89 0074 8183      		std Z+1,r24
  90 0076 9150      		subi r25,lo8(-(-1))
  91               	.L14:
  92 0078 3196      		adiw r30,1
  93 007a 9923      		tst r25
  94 007c 01F4      		brne .L15
  95 007e FD01      		movw r30,r26
  96 0080 E30F      		add r30,r19
  97 0082 F11D      		adc r31,__zero_reg__
  98 0084 8FEF      		ldi r24,lo8(-1)
  99 0086 8083      		st Z,r24
 100 0088 CF01      		movw r24,r30
 101               	/* epilogue start */
 102 008a DF91      		pop r29
 103 008c CF91      		pop r28
 104 008e 0895      		ret
 105               		.size	DhcpSetOption, .-DhcpSetOption
 106               	.global	DhcpTransact
 107               		.type	DhcpTransact, @function
 108               	DhcpTransact:
 109 0090 AF92      		push r10
 110 0092 BF92      		push r11
 111 0094 CF92      		push r12
 112 0096 DF92      		push r13
 113 0098 EF92      		push r14
 114 009a FF92      		push r15
GAS LISTING C:\DOCUME~1\NIZINS~1\LOCALS~1\Temp/cceJJGzD.s 			page 3


 115 009c 0F93      		push r16
 116 009e 1F93      		push r17
 117 00a0 DF93      		push r29
 118 00a2 CF93      		push r28
 119 00a4 0F92      		push __tmp_reg__
 120 00a6 CDB7      		in r28,__SP_L__
 121 00a8 DEB7      		in r29,__SP_H__
 122               	/* prologue: function */
 123               	/* frame size = 1 */
 124 00aa 6C01      		movw r12,r24
 125 00ac E62E      		mov r14,r22
 126 00ae FF24      		clr r15
 127 00b0 00E0      		ldi r16,lo8(0)
 128 00b2 10E0      		ldi r17,hi8(0)
 129 00b4 5E01      		movw r10,r28
 130 00b6 0894      		sec
 131 00b8 A11C      		adc r10,__zero_reg__
 132 00ba B11C      		adc r11,__zero_reg__
 133               	.L22:
 134 00bc 012B      		or r16,r17
 135 00be 01F4      		brne .L18
 136 00c0 6FEF      		ldi r22,lo8(-1)
 137 00c2 7FEF      		ldi r23,hi8(-1)
 138 00c4 8FEF      		ldi r24,hlo8(-1)
 139 00c6 9FEF      		ldi r25,hhi8(-1)
 140 00c8 40E0      		ldi r20,lo8(17152)
 141 00ca 53E4      		ldi r21,hi8(17152)
 142 00cc 20E0      		ldi r18,lo8(17408)
 143 00ce 34E4      		ldi r19,hi8(17408)
 144 00d0 8601      		movw r16,r12
 145 00d2 0E94 0000 		call UdpOutput
 146 00d6 97FF      		sbrs r25,7
 147 00d8 00C0      		rjmp .L18
 148 00da 0FEF      		ldi r16,lo8(-1)
 149 00dc 1FEF      		ldi r17,hi8(-1)
 150 00de 00C0      		rjmp .L19
 151               	.L18:
 152 00e0 80E0      		ldi r24,lo8(17408)
 153 00e2 94E4      		ldi r25,hi8(17408)
 154 00e4 68E8      		ldi r22,lo8(5000)
 155 00e6 73E1      		ldi r23,hi8(5000)
 156 00e8 0E94 0000 		call UdpInput
 157 00ec 8C01      		movw r16,r24
 158 00ee 1816      		cp __zero_reg__,r24
 159 00f0 1906      		cpc __zero_reg__,r25
 160 00f2 04F0      		brlt .L20
 161 00f4 F394      		inc r15
 162 00f6 00C0      		rjmp .L21
 163               	.L20:
 164 00f8 2091 0000 		lds r18,rframe+46
 165 00fc 3091 0000 		lds r19,(rframe+46)+1
 166 0100 4091 0000 		lds r20,(rframe+46)+2
 167 0104 5091 0000 		lds r21,(rframe+46)+3
 168 0108 8091 0000 		lds r24,sframe+46
 169 010c 9091 0000 		lds r25,(sframe+46)+1
 170 0110 A091 0000 		lds r26,(sframe+46)+2
 171 0114 B091 0000 		lds r27,(sframe+46)+3
GAS LISTING C:\DOCUME~1\NIZINS~1\LOCALS~1\Temp/cceJJGzD.s 			page 4


 172 0118 2817      		cp r18,r24
 173 011a 3907      		cpc r19,r25
 174 011c 4A07      		cpc r20,r26
 175 011e 5B07      		cpc r21,r27
 176 0120 01F4      		brne .L21
 177 0122 85E3      		ldi r24,lo8(53)
 178 0124 B501      		movw r22,r10
 179 0126 41E0      		ldi r20,lo8(1)
 180 0128 0E94 0000 		call DhcpGetOption
 181 012c 8130      		cpi r24,lo8(1)
 182 012e 01F4      		brne .L21
 183 0130 8981      		ldd r24,Y+1
 184 0132 8E15      		cp r24,r14
 185 0134 01F0      		breq .L19
 186               	.L21:
 187 0136 82E0      		ldi r24,lo8(2)
 188 0138 8F15      		cp r24,r15
 189 013a 00F0      		brlo .+2
 190 013c 00C0      		rjmp .L22
 191               	.L19:
 192 013e C801      		movw r24,r16
 193               	/* epilogue start */
 194 0140 0F90      		pop __tmp_reg__
 195 0142 CF91      		pop r28
 196 0144 DF91      		pop r29
 197 0146 1F91      		pop r17
 198 0148 0F91      		pop r16
 199 014a FF90      		pop r15
 200 014c EF90      		pop r14
 201 014e DF90      		pop r13
 202 0150 CF90      		pop r12
 203 0152 BF90      		pop r11
 204 0154 AF90      		pop r10
 205 0156 0895      		ret
 206               		.size	DhcpTransact, .-DhcpTransact
 207               	.global	DhcpQuery
 208               		.type	DhcpQuery, @function
 209               	DhcpQuery:
 210 0158 EF92      		push r14
 211 015a FF92      		push r15
 212 015c 0F93      		push r16
 213 015e 1F93      		push r17
 214 0160 DF93      		push r29
 215 0162 CF93      		push r28
 216 0164 00D0      		rcall .
 217 0166 00D0      		rcall .
 218 0168 0F92      		push __tmp_reg__
 219 016a CDB7      		in r28,__SP_L__
 220 016c DEB7      		in r29,__SP_H__
 221               	/* prologue: function */
 222               	/* frame size = 5 */
 223 016e 8091 0000 		lds r24,confnet+28
 224 0172 9091 0000 		lds r25,(confnet+28)+1
 225 0176 A091 0000 		lds r26,(confnet+28)+2
 226 017a B091 0000 		lds r27,(confnet+28)+3
 227 017e 0097      		sbiw r24,0
 228 0180 A105      		cpc r26,__zero_reg__
GAS LISTING C:\DOCUME~1\NIZINS~1\LOCALS~1\Temp/cceJJGzD.s 			page 5


 229 0182 B105      		cpc r27,__zero_reg__
 230 0184 01F0      		breq .L26
 231 0186 8093 0000 		sts confnet+16,r24
 232 018a 9093 0000 		sts (confnet+16)+1,r25
 233 018e A093 0000 		sts (confnet+16)+2,r26
 234 0192 B093 0000 		sts (confnet+16)+3,r27
 235 0196 00C0      		rjmp .L35
 236               	.L26:
 237 0198 1092 0000 		sts confnet+16,__zero_reg__
 238 019c 1092 0000 		sts (confnet+16)+1,__zero_reg__
 239 01a0 1092 0000 		sts (confnet+16)+2,__zero_reg__
 240 01a4 1092 0000 		sts (confnet+16)+3,__zero_reg__
 241 01a8 11E0      		ldi r17,lo8(1)
 242 01aa 1093 0000 		sts sframe+42,r17
 243 01ae 8091 0000 		lds r24,confnet+12
 244 01b2 9091 0000 		lds r25,(confnet+12)+1
 245 01b6 A091 0000 		lds r26,(confnet+12)+2
 246 01ba B091 0000 		lds r27,(confnet+12)+3
 247 01be 8093 0000 		sts sframe+46,r24
 248 01c2 9093 0000 		sts (sframe+46)+1,r25
 249 01c6 A093 0000 		sts (sframe+46)+2,r26
 250 01ca B093 0000 		sts (sframe+46)+3,r27
 251 01ce 1093 0000 		sts sframe+43,r17
 252 01d2 86E0      		ldi r24,lo8(6)
 253 01d4 8093 0000 		sts sframe+44,r24
 254 01d8 80E0      		ldi r24,lo8(sframe+70)
 255 01da 90E0      		ldi r25,hi8(sframe+70)
 256 01dc 60E0      		ldi r22,lo8(confnet+10)
 257 01de 70E0      		ldi r23,hi8(confnet+10)
 258 01e0 46E0      		ldi r20,lo8(6)
 259 01e2 0E94 0000 		call memcpy_
 260 01e6 83E6      		ldi r24,lo8(1666417251)
 261 01e8 92E8      		ldi r25,hi8(1666417251)
 262 01ea A3E5      		ldi r26,hlo8(1666417251)
 263 01ec B3E6      		ldi r27,hhi8(1666417251)
 264 01ee 8093 0000 		sts sframe+278,r24
 265 01f2 9093 0000 		sts (sframe+278)+1,r25
 266 01f6 A093 0000 		sts (sframe+278)+2,r26
 267 01fa B093 0000 		sts (sframe+278)+3,r27
 268 01fe 1983      		std Y+1,r17
 269 0200 80E0      		ldi r24,lo8(sframe+282)
 270 0202 90E0      		ldi r25,hi8(sframe+282)
 271 0204 65E3      		ldi r22,lo8(53)
 272 0206 7E01      		movw r14,r28
 273 0208 0894      		sec
 274 020a E11C      		adc r14,__zero_reg__
 275 020c F11C      		adc r15,__zero_reg__
 276 020e A701      		movw r20,r14
 277 0210 21E0      		ldi r18,lo8(1)
 278 0212 0E94 0000 		call DhcpSetOption
 279 0216 84EF      		ldi r24,lo8(244)
 280 0218 90E0      		ldi r25,hi8(244)
 281 021a 62E0      		ldi r22,lo8(2)
 282 021c 0E94 0000 		call DhcpTransact
 283 0220 1816      		cp __zero_reg__,r24
 284 0222 1906      		cpc __zero_reg__,r25
 285 0224 04F0      		brlt .+2
GAS LISTING C:\DOCUME~1\NIZINS~1\LOCALS~1\Temp/cceJJGzD.s 			page 6


 286 0226 00C0      		rjmp .L28
 287 0228 8E01      		movw r16,r28
 288 022a 0E5F      		subi r16,lo8(-(2))
 289 022c 1F4F      		sbci r17,hi8(-(2))
 290 022e 86E3      		ldi r24,lo8(54)
 291 0230 B801      		movw r22,r16
 292 0232 44E0      		ldi r20,lo8(4)
 293 0234 0E94 0000 		call DhcpGetOption
 294 0238 83E0      		ldi r24,lo8(3)
 295 023a 8983      		std Y+1,r24
 296 023c 80E0      		ldi r24,lo8(sframe+282)
 297 023e 90E0      		ldi r25,hi8(sframe+282)
 298 0240 65E3      		ldi r22,lo8(53)
 299 0242 A701      		movw r20,r14
 300 0244 21E0      		ldi r18,lo8(1)
 301 0246 0E94 0000 		call DhcpSetOption
 302 024a 62E3      		ldi r22,lo8(50)
 303 024c 40E0      		ldi r20,lo8(rframe+58)
 304 024e 50E0      		ldi r21,hi8(rframe+58)
 305 0250 24E0      		ldi r18,lo8(4)
 306 0252 0E94 0000 		call DhcpSetOption
 307 0256 66E3      		ldi r22,lo8(54)
 308 0258 A801      		movw r20,r16
 309 025a 24E0      		ldi r18,lo8(4)
 310 025c 0E94 0000 		call DhcpSetOption
 311 0260 80E0      		ldi r24,lo8(256)
 312 0262 91E0      		ldi r25,hi8(256)
 313 0264 65E0      		ldi r22,lo8(5)
 314 0266 0E94 0000 		call DhcpTransact
 315 026a 1816      		cp __zero_reg__,r24
 316 026c 1906      		cpc __zero_reg__,r25
 317 026e 04F0      		brlt .+2
 318 0270 00C0      		rjmp .L28
 319 0272 8091 0000 		lds r24,rframe+58
 320 0276 9091 0000 		lds r25,(rframe+58)+1
 321 027a A091 0000 		lds r26,(rframe+58)+2
 322 027e B091 0000 		lds r27,(rframe+58)+3
 323 0282 8093 0000 		sts confnet+16,r24
 324 0286 9093 0000 		sts (confnet+16)+1,r25
 325 028a A093 0000 		sts (confnet+16)+2,r26
 326 028e B093 0000 		sts (confnet+16)+3,r27
 327 0292 8091 0000 		lds r24,rframe+62
 328 0296 9091 0000 		lds r25,(rframe+62)+1
 329 029a A091 0000 		lds r26,(rframe+62)+2
 330 029e B091 0000 		lds r27,(rframe+62)+3
 331 02a2 8093 0000 		sts confboot+2,r24
 332 02a6 9093 0000 		sts (confboot+2)+1,r25
 333 02aa A093 0000 		sts (confboot+2)+2,r26
 334 02ae B093 0000 		sts (confboot+2)+3,r27
 335 02b2 A0E0      		ldi r26,lo8(rframe+150)
 336 02b4 B0E0      		ldi r27,hi8(rframe+150)
 337 02b6 1982      		std Y+1,__zero_reg__
 338 02b8 80E0      		ldi r24,lo8(0)
 339 02ba 00C0      		rjmp .L29
 340               	.L32:
 341 02bc E82F      		mov r30,r24
 342 02be F0E0      		ldi r31,lo8(0)
GAS LISTING C:\DOCUME~1\NIZINS~1\LOCALS~1\Temp/cceJJGzD.s 			page 7


 343 02c0 E050      		subi r30,lo8(-(confboot))
 344 02c2 F040      		sbci r31,hi8(-(confboot))
 345 02c4 9683      		std Z+6,r25
 346 02c6 1196      		adiw r26,1
 347 02c8 8F5F      		subi r24,lo8(-(1))
 348               	.L29:
 349 02ca 9C91      		ld r25,X
 350 02cc 9923      		tst r25
 351 02ce 01F0      		breq .L34
 352               	.L30:
 353 02d0 8F37      		cpi r24,lo8(127)
 354 02d2 00F0      		brlo .L32
 355               	.L34:
 356 02d4 8983      		std Y+1,r24
 357 02d6 E981      		ldd r30,Y+1
 358 02d8 F0E0      		ldi r31,lo8(0)
 359 02da E050      		subi r30,lo8(-(confboot))
 360 02dc F040      		sbci r31,hi8(-(confboot))
 361 02de 1682      		std Z+6,__zero_reg__
 362 02e0 81E0      		ldi r24,lo8(1)
 363 02e2 60E0      		ldi r22,lo8(confnet+20)
 364 02e4 70E0      		ldi r23,hi8(confnet+20)
 365 02e6 44E0      		ldi r20,lo8(4)
 366 02e8 0E94 0000 		call DhcpGetOption
 367               	.L35:
 368 02ec 20E0      		ldi r18,lo8(0)
 369 02ee 30E0      		ldi r19,hi8(0)
 370 02f0 00C0      		rjmp .L27
 371               	.L28:
 372 02f2 2FEF      		ldi r18,lo8(-1)
 373 02f4 3FEF      		ldi r19,hi8(-1)
 374               	.L27:
 375 02f6 C901      		movw r24,r18
 376               	/* epilogue start */
 377 02f8 0F90      		pop __tmp_reg__
 378 02fa 0F90      		pop __tmp_reg__
 379 02fc 0F90      		pop __tmp_reg__
 380 02fe 0F90      		pop __tmp_reg__
 381 0300 0F90      		pop __tmp_reg__
 382 0302 CF91      		pop r28
 383 0304 DF91      		pop r29
 384 0306 1F91      		pop r17
 385 0308 0F91      		pop r16
 386 030a FF90      		pop r15
 387 030c EF90      		pop r14
 388 030e 0895      		ret
 389               		.size	DhcpQuery, .-DhcpQuery
 390               		.comm test,552,1
 391               	.global __do_clear_bss
GAS LISTING C:\DOCUME~1\NIZINS~1\LOCALS~1\Temp/cceJJGzD.s 			page 8


DEFINED SYMBOLS
                            *ABS*:00000000 dhcp.c
C:\DOCUME~1\NIZINS~1\LOCALS~1\Temp/cceJJGzD.s:2      *ABS*:0000003f __SREG__
C:\DOCUME~1\NIZINS~1\LOCALS~1\Temp/cceJJGzD.s:3      *ABS*:0000003e __SP_H__
C:\DOCUME~1\NIZINS~1\LOCALS~1\Temp/cceJJGzD.s:4      *ABS*:0000003d __SP_L__
C:\DOCUME~1\NIZINS~1\LOCALS~1\Temp/cceJJGzD.s:5      *ABS*:00000034 __CCP__
C:\DOCUME~1\NIZINS~1\LOCALS~1\Temp/cceJJGzD.s:6      *ABS*:00000000 __tmp_reg__
C:\DOCUME~1\NIZINS~1\LOCALS~1\Temp/cceJJGzD.s:7      *ABS*:00000001 __zero_reg__
C:\DOCUME~1\NIZINS~1\LOCALS~1\Temp/cceJJGzD.s:11     .text:00000000 DhcpGetOption
C:\DOCUME~1\NIZINS~1\LOCALS~1\Temp/cceJJGzD.s:73     .text:0000005c DhcpSetOption
C:\DOCUME~1\NIZINS~1\LOCALS~1\Temp/cceJJGzD.s:108    .text:00000090 DhcpTransact
C:\DOCUME~1\NIZINS~1\LOCALS~1\Temp/cceJJGzD.s:209    .text:00000158 DhcpQuery
                            *COM*:00000228 test

UNDEFINED SYMBOLS
rframe
UdpOutput
UdpInput
sframe
confnet
memcpy_
confboot
__do_clear_bss
