GAS LISTING C:\DOCUME~1\NIZINS~1\LOCALS~1\Temp/ccgqikeR.s 			page 1


   1               		.file	"ip.c"
   2               	__SREG__ = 0x3f
   3               	__SP_H__ = 0x3e
   4               	__SP_L__ = 0x3d
   5               	__CCP__  = 0x34
   6               	__tmp_reg__ = 0
   7               	__zero_reg__ = 1
   8               		.text
   9               	.global	IpChkSum
  10               		.type	IpChkSum, @function
  11               	IpChkSum:
  12 0000 0F93      		push r16
  13 0002 1F93      		push r17
  14 0004 CF93      		push r28
  15 0006 DF93      		push r29
  16               	/* prologue: function */
  17               	/* frame size = 0 */
  18 0008 8C01      		movw r16,r24
  19 000a EC01      		movw r28,r24
  20 000c FB01      		movw r30,r22
  21 000e 20E0      		ldi r18,lo8(0)
  22 0010 30E0      		ldi r19,hi8(0)
  23 0012 40E0      		ldi r20,hlo8(0)
  24 0014 50E0      		ldi r21,hhi8(0)
  25               	.L3:
  26 0016 E230      		cpi r30,2
  27 0018 F105      		cpc r31,__zero_reg__
  28 001a 00F0      		brlo .L2
  29 001c 8991      		ld r24,Y+
  30 001e 9991      		ld r25,Y+
  31 0020 A0E0      		ldi r26,lo8(0)
  32 0022 B0E0      		ldi r27,hi8(0)
  33 0024 280F      		add r18,r24
  34 0026 391F      		adc r19,r25
  35 0028 4A1F      		adc r20,r26
  36 002a 5B1F      		adc r21,r27
  37 002c 3297      		sbiw r30,2
  38 002e 00C0      		rjmp .L3
  39               	.L2:
  40 0030 CB01      		movw r24,r22
  41 0032 8E7F      		andi r24,lo8(-2)
  42 0034 F801      		movw r30,r16
  43 0036 E80F      		add r30,r24
  44 0038 F91F      		adc r31,r25
  45 003a 6817      		cp r22,r24
  46 003c 7907      		cpc r23,r25
  47 003e 01F0      		breq .L7
  48 0040 8081      		ld r24,Z
  49 0042 280F      		add r18,r24
  50 0044 311D      		adc r19,__zero_reg__
  51 0046 411D      		adc r20,__zero_reg__
  52 0048 511D      		adc r21,__zero_reg__
  53 004a 00C0      		rjmp .L7
  54               	.L5:
  55 004c 620F      		add r22,r18
  56 004e 731F      		adc r23,r19
  57 0050 9B01      		movw r18,r22
GAS LISTING C:\DOCUME~1\NIZINS~1\LOCALS~1\Temp/ccgqikeR.s 			page 2


  58 0052 40E0      		ldi r20,lo8(0)
  59 0054 50E0      		ldi r21,hi8(0)
  60               	.L7:
  61 0056 CA01      		movw r24,r20
  62 0058 AA27      		clr r26
  63 005a BB27      		clr r27
  64 005c BC01      		movw r22,r24
  65 005e 892B      		or r24,r25
  66 0060 01F4      		brne .L5
  67 0062 2095      		com r18
  68 0064 3095      		com r19
  69 0066 C901      		movw r24,r18
  70               	/* epilogue start */
  71 0068 DF91      		pop r29
  72 006a CF91      		pop r28
  73 006c 1F91      		pop r17
  74 006e 0F91      		pop r16
  75 0070 0895      		ret
  76               		.size	IpChkSum, .-IpChkSum
  77               	.global	IpOutput
  78               		.type	IpOutput, @function
  79               	IpOutput:
  80 0072 8F92      		push r8
  81 0074 9F92      		push r9
  82 0076 BF92      		push r11
  83 0078 CF92      		push r12
  84 007a DF92      		push r13
  85 007c EF92      		push r14
  86 007e FF92      		push r15
  87 0080 0F93      		push r16
  88 0082 1F93      		push r17
  89 0084 DF93      		push r29
  90 0086 CF93      		push r28
  91 0088 00D0      		rcall .
  92 008a 00D0      		rcall .
  93 008c 00D0      		rcall .
  94 008e CDB7      		in r28,__SP_L__
  95 0090 DEB7      		in r29,__SP_H__
  96               	/* prologue: function */
  97               	/* frame size = 6 */
  98 0092 6B01      		movw r12,r22
  99 0094 7C01      		movw r14,r24
 100 0096 B42E      		mov r11,r20
 101 0098 8901      		movw r16,r18
 102 009a 4E01      		movw r8,r28
 103 009c 0894      		sec
 104 009e 811C      		adc r8,__zero_reg__
 105 00a0 911C      		adc r9,__zero_reg__
 106 00a2 A401      		movw r20,r8
 107 00a4 0E94 0000 		call ArpRequest
 108 00a8 892B      		or r24,r25
 109 00aa 01F0      		breq .L9
 110 00ac 2FEF      		ldi r18,lo8(-1)
 111 00ae 3FEF      		ldi r19,hi8(-1)
 112 00b0 00C0      		rjmp .L10
 113               	.L9:
 114 00b2 85E4      		ldi r24,lo8(69)
GAS LISTING C:\DOCUME~1\NIZINS~1\LOCALS~1\Temp/ccgqikeR.s 			page 3


 115 00b4 8093 0000 		sts sframe+14,r24
 116 00b8 0C5E      		subi r16,lo8(-(20))
 117 00ba 1F4F      		sbci r17,hi8(-(20))
 118 00bc C801      		movw r24,r16
 119 00be 0E94 0000 		call __byte_swap2
 120 00c2 9093 0000 		sts (sframe+16)+1,r25
 121 00c6 8093 0000 		sts sframe+16,r24
 122 00ca 80E4      		ldi r24,lo8(64)
 123 00cc 8093 0000 		sts sframe+22,r24
 124 00d0 B092 0000 		sts sframe+23,r11
 125 00d4 C092 0000 		sts sframe+30,r12
 126 00d8 D092 0000 		sts (sframe+30)+1,r13
 127 00dc E092 0000 		sts (sframe+30)+2,r14
 128 00e0 F092 0000 		sts (sframe+30)+3,r15
 129 00e4 8091 0000 		lds r24,confnet+16
 130 00e8 9091 0000 		lds r25,(confnet+16)+1
 131 00ec A091 0000 		lds r26,(confnet+16)+2
 132 00f0 B091 0000 		lds r27,(confnet+16)+3
 133 00f4 8093 0000 		sts sframe+26,r24
 134 00f8 9093 0000 		sts (sframe+26)+1,r25
 135 00fc A093 0000 		sts (sframe+26)+2,r26
 136 0100 B093 0000 		sts (sframe+26)+3,r27
 137 0104 8091 0000 		lds r24,sframe+18
 138 0108 9091 0000 		lds r25,(sframe+18)+1
 139 010c 0196      		adiw r24,1
 140 010e 9093 0000 		sts (sframe+18)+1,r25
 141 0112 8093 0000 		sts sframe+18,r24
 142 0116 1092 0000 		sts (sframe+24)+1,__zero_reg__
 143 011a 1092 0000 		sts sframe+24,__zero_reg__
 144 011e 80E0      		ldi r24,lo8(sframe+14)
 145 0120 90E0      		ldi r25,hi8(sframe+14)
 146 0122 64E1      		ldi r22,lo8(20)
 147 0124 70E0      		ldi r23,hi8(20)
 148 0126 0E94 0000 		call IpChkSum
 149 012a 9093 0000 		sts (sframe+24)+1,r25
 150 012e 8093 0000 		sts sframe+24,r24
 151 0132 C401      		movw r24,r8
 152 0134 68E0      		ldi r22,lo8(8)
 153 0136 70E0      		ldi r23,hi8(8)
 154 0138 A801      		movw r20,r16
 155 013a 0E94 0000 		call EtherOutput
 156 013e 9C01      		movw r18,r24
 157               	.L10:
 158 0140 C901      		movw r24,r18
 159               	/* epilogue start */
 160 0142 2696      		adiw r28,6
 161 0144 0FB6      		in __tmp_reg__,__SREG__
 162 0146 F894      		cli
 163 0148 DEBF      		out __SP_H__,r29
 164 014a 0FBE      		out __SREG__,__tmp_reg__
 165 014c CDBF      		out __SP_L__,r28
 166 014e CF91      		pop r28
 167 0150 DF91      		pop r29
 168 0152 1F91      		pop r17
 169 0154 0F91      		pop r16
 170 0156 FF90      		pop r15
 171 0158 EF90      		pop r14
GAS LISTING C:\DOCUME~1\NIZINS~1\LOCALS~1\Temp/ccgqikeR.s 			page 4


 172 015a DF90      		pop r13
 173 015c CF90      		pop r12
 174 015e BF90      		pop r11
 175 0160 9F90      		pop r9
 176 0162 8F90      		pop r8
 177 0164 0895      		ret
 178               		.size	IpOutput, .-IpOutput
 179               	.global	IpInput
 180               		.type	IpInput, @function
 181               	IpInput:
 182 0166 0F93      		push r16
 183 0168 1F93      		push r17
 184 016a CF93      		push r28
 185 016c DF93      		push r29
 186               	/* prologue: function */
 187               	/* frame size = 0 */
 188 016e 082F      		mov r16,r24
 189 0170 EB01      		movw r28,r22
 190 0172 1AE0      		ldi r17,lo8(10)
 191               	.L19:
 192 0174 1150      		subi r17,1
 193 0176 00F4      		brcc .L13
 194 0178 60E0      		ldi r22,lo8(0)
 195 017a 70E0      		ldi r23,hi8(0)
 196 017c 00C0      		rjmp .L14
 197               	.L13:
 198 017e 88E0      		ldi r24,lo8(8)
 199 0180 90E0      		ldi r25,hi8(8)
 200 0182 BE01      		movw r22,r28
 201 0184 0E94 0000 		call EtherInput
 202 0188 BC01      		movw r22,r24
 203 018a 1816      		cp __zero_reg__,r24
 204 018c 1906      		cpc __zero_reg__,r25
 205 018e 04F0      		brlt .+2
 206 0190 00C0      		rjmp .L14
 207 0192 8091 0000 		lds r24,rframe+14
 208 0196 807F      		andi r24,lo8(-16)
 209 0198 8034      		cpi r24,lo8(64)
 210 019a 01F4      		brne .L19
 211 019c 8091 0000 		lds r24,rframe+23
 212 01a0 8017      		cp r24,r16
 213 01a2 01F4      		brne .L19
 214 01a4 8091 0000 		lds r24,rframe+16
 215 01a8 9091 0000 		lds r25,(rframe+16)+1
 216 01ac 0E94 0000 		call __byte_swap2
 217 01b0 4091 0000 		lds r20,rframe+14
 218 01b4 242F      		mov r18,r20
 219 01b6 2F70      		andi r18,lo8(15)
 220 01b8 30E0      		ldi r19,lo8(0)
 221 01ba 220F      		lsl r18
 222 01bc 331F      		rol r19
 223 01be 220F      		lsl r18
 224 01c0 331F      		rol r19
 225 01c2 BC01      		movw r22,r24
 226 01c4 621B      		sub r22,r18
 227 01c6 730B      		sbc r23,r19
 228 01c8 2091 0000 		lds r18,rframe+30
GAS LISTING C:\DOCUME~1\NIZINS~1\LOCALS~1\Temp/ccgqikeR.s 			page 5


 229 01cc 3091 0000 		lds r19,(rframe+30)+1
 230 01d0 4091 0000 		lds r20,(rframe+30)+2
 231 01d4 5091 0000 		lds r21,(rframe+30)+3
 232 01d8 2F3F      		cpi r18,lo8(-1)
 233 01da 8FEF      		ldi r24,hi8(-1)
 234 01dc 3807      		cpc r19,r24
 235 01de 8FEF      		ldi r24,hlo8(-1)
 236 01e0 4807      		cpc r20,r24
 237 01e2 8FEF      		ldi r24,hhi8(-1)
 238 01e4 5807      		cpc r21,r24
 239 01e6 01F0      		breq .L14
 240 01e8 8091 0000 		lds r24,confnet+16
 241 01ec 9091 0000 		lds r25,(confnet+16)+1
 242 01f0 A091 0000 		lds r26,(confnet+16)+2
 243 01f4 B091 0000 		lds r27,(confnet+16)+3
 244 01f8 0097      		sbiw r24,0
 245 01fa A105      		cpc r26,__zero_reg__
 246 01fc B105      		cpc r27,__zero_reg__
 247 01fe 01F0      		breq .L14
 248 0200 2817      		cp r18,r24
 249 0202 3907      		cpc r19,r25
 250 0204 4A07      		cpc r20,r26
 251 0206 5B07      		cpc r21,r27
 252 0208 01F0      		breq .L14
 253 020a 8091 0000 		lds r24,confnet+20
 254 020e 9091 0000 		lds r25,(confnet+20)+1
 255 0212 A091 0000 		lds r26,(confnet+20)+2
 256 0216 B091 0000 		lds r27,(confnet+20)+3
 257 021a 282B      		or r18,r24
 258 021c 392B      		or r19,r25
 259 021e 4A2B      		or r20,r26
 260 0220 5B2B      		or r21,r27
 261 0222 2F5F      		subi r18,lo8(-1)
 262 0224 3F4F      		sbci r19,hi8(-1)
 263 0226 4F4F      		sbci r20,hlo8(-1)
 264 0228 5F4F      		sbci r21,hhi8(-1)
 265 022a 01F0      		breq .+2
 266 022c 00C0      		rjmp .L19
 267               	.L14:
 268 022e CB01      		movw r24,r22
 269               	/* epilogue start */
 270 0230 DF91      		pop r29
 271 0232 CF91      		pop r28
 272 0234 1F91      		pop r17
 273 0236 0F91      		pop r16
 274 0238 0895      		ret
 275               		.size	IpInput, .-IpInput
GAS LISTING C:\DOCUME~1\NIZINS~1\LOCALS~1\Temp/ccgqikeR.s 			page 6


DEFINED SYMBOLS
                            *ABS*:00000000 ip.c
C:\DOCUME~1\NIZINS~1\LOCALS~1\Temp/ccgqikeR.s:2      *ABS*:0000003f __SREG__
C:\DOCUME~1\NIZINS~1\LOCALS~1\Temp/ccgqikeR.s:3      *ABS*:0000003e __SP_H__
C:\DOCUME~1\NIZINS~1\LOCALS~1\Temp/ccgqikeR.s:4      *ABS*:0000003d __SP_L__
C:\DOCUME~1\NIZINS~1\LOCALS~1\Temp/ccgqikeR.s:5      *ABS*:00000034 __CCP__
C:\DOCUME~1\NIZINS~1\LOCALS~1\Temp/ccgqikeR.s:6      *ABS*:00000000 __tmp_reg__
C:\DOCUME~1\NIZINS~1\LOCALS~1\Temp/ccgqikeR.s:7      *ABS*:00000001 __zero_reg__
C:\DOCUME~1\NIZINS~1\LOCALS~1\Temp/ccgqikeR.s:11     .text:00000000 IpChkSum
C:\DOCUME~1\NIZINS~1\LOCALS~1\Temp/ccgqikeR.s:79     .text:00000072 IpOutput
C:\DOCUME~1\NIZINS~1\LOCALS~1\Temp/ccgqikeR.s:181    .text:00000166 IpInput

UNDEFINED SYMBOLS
ArpRequest
sframe
__byte_swap2
confnet
EtherOutput
EtherInput
rframe
