ARM GAS  C:\DOCUME~1\NIZINS~1\LOCALS~1\Temp\ccAkZjmb.s 			page 1


   1              		.cpu arm7tdmi
   2              		.fpu softvfp
   3              		.eabi_attribute 20, 1
   4              		.eabi_attribute 21, 1
   5              		.eabi_attribute 23, 3
   6              		.eabi_attribute 24, 1
   7              		.eabi_attribute 25, 1
   8              		.eabi_attribute 26, 1
   9              		.eabi_attribute 30, 4
  10              		.eabi_attribute 18, 4
  11              		.code	16
  12              		.file	"dialog.c"
  13              		.text
  14              		.align	1
  15              		.global	PutString
  16              		.code	16
  17              		.thumb_func
  18              		.type	PutString, %function
  19              	PutString:
  20 0000 38B5     		push	{r3, r4, r5, lr}
  21 0002 051C     		mov	r5, r0
  22 0004 0024     		mov	r4, #0
  23 0006 0AE0     		b	.L2
  24              	.L4:
  25 0008 0A2B     		cmp	r3, #10
  26 000a 03D1     		bne	.L3
  27 000c 0D20     		mov	r0, #13
  28 000e FFF7FEFF 		bl	UartTx
  29 0012 0134     		add	r4, r4, #1
  30              	.L3:
  31 0014 2878     		ldrb	r0, [r5]
  32 0016 FFF7FEFF 		bl	UartTx
  33 001a 0134     		add	r4, r4, #1
  34 001c 0135     		add	r5, r5, #1
  35              	.L2:
  36 001e 2B78     		ldrb	r3, [r5]
  37 0020 002B     		cmp	r3, #0
  38 0022 F1D1     		bne	.L4
  39 0024 201C     		mov	r0, r4
  40              		@ sp needed for prologue
  41 0026 38BC     		pop	{r3, r4, r5}
  42 0028 02BC     		pop	{r1}
  43 002a 0847     		bx	r1
  44              		.size	PutString, .-PutString
  45              		.align	1
  46              		.global	GetLine
  47              		.code	16
  48              		.thumb_func
  49              		.type	GetLine, %function
  50              	GetLine:
  51 002c F8B5     		push	{r3, r4, r5, r6, r7, lr}
  52 002e 061C     		mov	r6, r0
  53 0030 0F1C     		mov	r7, r1
  54 0032 FFF7FEFF 		bl	PutString
  55 0036 051C     		mov	r5, r0
  56 0038 3618     		add	r6, r6, r0
  57              	.L16:
ARM GAS  C:\DOCUME~1\NIZINS~1\LOCALS~1\Temp\ccAkZjmb.s 			page 2


  58 003a AF42     		cmp	r7, r5
  59 003c 1EDD     		ble	.L7
  60              	.L15:
  61 003e FFF7FEFF 		bl	UartRx
  62 0042 041E     		sub	r4, r0, #0
  63 0044 FBD0     		beq	.L15
  64 0046 202C     		cmp	r4, #32
  65 0048 F9D0     		beq	.L15
  66 004a 082C     		cmp	r4, #8
  67 004c 0DD1     		bne	.L9
  68 004e 002D     		cmp	r5, #0
  69 0050 F3D0     		beq	.L16
  70 0052 0820     		mov	r0, #8
  71 0054 FFF7FEFF 		bl	UartTx
  72 0058 2020     		mov	r0, #32
  73 005a FFF7FEFF 		bl	UartTx
  74 005e 0820     		mov	r0, #8
  75 0060 FFF7FEFF 		bl	UartTx
  76 0064 013D     		sub	r5, r5, #1
  77 0066 013E     		sub	r6, r6, #1
  78 0068 E7E7     		b	.L16
  79              	.L9:
  80 006a 1F2C     		cmp	r4, #31
  81 006c 06D9     		bls	.L7
  82 006e 201C     		mov	r0, r4
  83 0070 FFF7FEFF 		bl	UartTx
  84 0074 0135     		add	r5, r5, #1
  85 0076 3470     		strb	r4, [r6]
  86 0078 0136     		add	r6, r6, #1
  87 007a DEE7     		b	.L16
  88              	.L7:
  89 007c 0023     		mov	r3, #0
  90 007e 3370     		strb	r3, [r6]
  91 0080 0348     		ldr	r0, .L17
  92 0082 FFF7FEFF 		bl	PutString
  93              		@ sp needed for prologue
  94 0086 281C     		mov	r0, r5
  95 0088 F8BC     		pop	{r3, r4, r5, r6, r7}
  96 008a 02BC     		pop	{r1}
  97 008c 0847     		bx	r1
  98              	.L18:
  99 008e C046     		.align	2
 100              	.L17:
 101 0090 00000000 		.word	.LC2
 102              		.size	GetLine, .-GetLine
 103              		.align	1
 104              		.global	GetIP
 105              		.code	16
 106              		.thumb_func
 107              		.type	GetIP, %function
 108              	GetIP:
 109 0094 F8B5     		push	{r3, r4, r5, r6, r7, lr}
 110 0096 154F     		ldr	r7, .L23
 111 0098 154C     		ldr	r4, .L23+4
 112 009a 061C     		mov	r6, r0
 113 009c 0D1C     		mov	r5, r1
 114              	.L22:
ARM GAS  C:\DOCUME~1\NIZINS~1\LOCALS~1\Temp\ccAkZjmb.s 			page 3


 115 009e 301C     		mov	r0, r6
 116 00a0 FFF7FEFF 		bl	PutString
 117 00a4 381C     		mov	r0, r7
 118 00a6 FFF7FEFF 		bl	PutString
 119 00aa 201C     		mov	r0, r4
 120 00ac 291C     		mov	r1, r5
 121 00ae FFF7FEFF 		bl	strcpy_
 122 00b2 201C     		mov	r0, r4
 123 00b4 3C21     		mov	r1, #60
 124 00b6 FFF7FEFF 		bl	GetLine
 125 00ba 0028     		cmp	r0, #0
 126 00bc 13D0     		beq	.L19
 127 00be 201C     		mov	r0, r4
 128 00c0 FFF7FEFF 		bl	inet_addr
 129 00c4 0130     		add	r0, r0, #1
 130 00c6 04D0     		beq	.L21
 131 00c8 281C     		mov	r0, r5
 132 00ca 211C     		mov	r1, r4
 133 00cc FFF7FEFF 		bl	strcpy_
 134 00d0 09E0     		b	.L19
 135              	.L21:
 136 00d2 0848     		ldr	r0, .L23+8
 137 00d4 FFF7FEFF 		bl	PutString
 138 00d8 201C     		mov	r0, r4
 139 00da FFF7FEFF 		bl	PutString
 140 00de 0648     		ldr	r0, .L23+12
 141 00e0 FFF7FEFF 		bl	PutString
 142 00e4 DBE7     		b	.L22
 143              	.L19:
 144              		@ sp needed for prologue
 145 00e6 F8BC     		pop	{r3, r4, r5, r6, r7}
 146 00e8 01BC     		pop	{r0}
 147 00ea 0047     		bx	r0
 148              	.L24:
 149              		.align	2
 150              	.L23:
 151 00ec 02000000 		.word	.LC4
 152 00f0 00000000 		.word	.LANCHOR0
 153 00f4 05000000 		.word	.LC7
 154 00f8 00000000 		.word	.LC2
 155              		.size	GetIP, .-GetIP
 156              		.align	1
 157              		.global	PutHex
 158              		.code	16
 159              		.thumb_func
 160              		.type	PutHex, %function
 161              	PutHex:
 162 00fc 10B5     		push	{r4, lr}
 163 00fe 0A4B     		ldr	r3, .L26
 164 0100 0A4A     		ldr	r2, .L26+4
 165 0102 0F24     		mov	r4, #15
 166 0104 0440     		and	r4, r4, r0
 167 0106 145D     		ldrb	r4, [r2, r4]
 168 0108 191C     		mov	r1, r3
 169 010a 3D31     		add	r1, r1, #61
 170 010c 0C70     		strb	r4, [r1]
 171 010e 0109     		lsr	r1, r0, #4
ARM GAS  C:\DOCUME~1\NIZINS~1\LOCALS~1\Temp\ccAkZjmb.s 			page 4


 172 0110 525C     		ldrb	r2, [r2, r1]
 173 0112 181C     		mov	r0, r3
 174 0114 3C30     		add	r0, r0, #60
 175 0116 3E33     		add	r3, r3, #62
 176 0118 0270     		strb	r2, [r0]
 177 011a 0022     		mov	r2, #0
 178 011c 1A70     		strb	r2, [r3]
 179 011e FFF7FEFF 		bl	PutString
 180              		@ sp needed for prologue
 181 0122 10BC     		pop	{r4}
 182 0124 01BC     		pop	{r0}
 183 0126 0047     		bx	r0
 184              	.L27:
 185              		.align	2
 186              	.L26:
 187 0128 00000000 		.word	.LANCHOR0
 188 012c 00000000 		.word	.LANCHOR1
 189              		.size	PutHex, .-PutHex
 190              		.align	1
 191              		.global	PutShortHex
 192              		.code	16
 193              		.thumb_func
 194              		.type	PutShortHex, %function
 195              	PutShortHex:
 196 0130 70B5     		push	{r4, r5, r6, lr}
 197 0132 0D4A     		ldr	r2, .L31
 198 0134 0D4C     		ldr	r4, .L31+4
 199 0136 0423     		mov	r3, #4
 200 0138 0F21     		mov	r1, #15
 201              	.L29:
 202 013a 013B     		sub	r3, r3, #1
 203 013c 1B06     		lsl	r3, r3, #24
 204 013e 0E1C     		mov	r6, r1
 205 0140 0640     		and	r6, r6, r0
 206 0142 1B0E     		lsr	r3, r3, #24
 207 0144 D518     		add	r5, r2, r3
 208 0146 A65D     		ldrb	r6, [r4, r6]
 209 0148 3C35     		add	r5, r5, #60
 210 014a 2E70     		strb	r6, [r5]
 211 014c 0009     		lsr	r0, r0, #4
 212 014e 002B     		cmp	r3, #0
 213 0150 F3D1     		bne	.L29
 214 0152 111C     		mov	r1, r2
 215 0154 4031     		add	r1, r1, #64
 216 0156 101C     		mov	r0, r2
 217 0158 0B70     		strb	r3, [r1]
 218 015a 3C30     		add	r0, r0, #60
 219 015c FFF7FEFF 		bl	PutString
 220              		@ sp needed for prologue
 221 0160 70BC     		pop	{r4, r5, r6}
 222 0162 01BC     		pop	{r0}
 223 0164 0047     		bx	r0
 224              	.L32:
 225 0166 C046     		.align	2
 226              	.L31:
 227 0168 00000000 		.word	.LANCHOR0
 228 016c 00000000 		.word	.LANCHOR1
ARM GAS  C:\DOCUME~1\NIZINS~1\LOCALS~1\Temp\ccAkZjmb.s 			page 5


 229              		.size	PutShortHex, .-PutShortHex
 230              		.align	1
 231              		.global	PutLongHex
 232              		.code	16
 233              		.thumb_func
 234              		.type	PutLongHex, %function
 235              	PutLongHex:
 236 0170 70B5     		push	{r4, r5, r6, lr}
 237 0172 0D4A     		ldr	r2, .L36
 238 0174 0D4C     		ldr	r4, .L36+4
 239 0176 0823     		mov	r3, #8
 240 0178 0F21     		mov	r1, #15
 241              	.L34:
 242 017a 013B     		sub	r3, r3, #1
 243 017c 1B06     		lsl	r3, r3, #24
 244 017e 0E1C     		mov	r6, r1
 245 0180 0640     		and	r6, r6, r0
 246 0182 1B0E     		lsr	r3, r3, #24
 247 0184 D518     		add	r5, r2, r3
 248 0186 A65D     		ldrb	r6, [r4, r6]
 249 0188 3C35     		add	r5, r5, #60
 250 018a 2E70     		strb	r6, [r5]
 251 018c 0009     		lsr	r0, r0, #4
 252 018e 002B     		cmp	r3, #0
 253 0190 F3D1     		bne	.L34
 254 0192 111C     		mov	r1, r2
 255 0194 4431     		add	r1, r1, #68
 256 0196 101C     		mov	r0, r2
 257 0198 0B70     		strb	r3, [r1]
 258 019a 3C30     		add	r0, r0, #60
 259 019c FFF7FEFF 		bl	PutString
 260              		@ sp needed for prologue
 261 01a0 70BC     		pop	{r4, r5, r6}
 262 01a2 01BC     		pop	{r0}
 263 01a4 0047     		bx	r0
 264              	.L37:
 265 01a6 C046     		.align	2
 266              	.L36:
 267 01a8 00000000 		.word	.LANCHOR0
 268 01ac 00000000 		.word	.LANCHOR1
 269              		.size	PutLongHex, .-PutLongHex
 270              		.align	1
 271              		.global	GetMac
 272              		.code	16
 273              		.thumb_func
 274              		.type	GetMac, %function
 275              	GetMac:
 276 01b0 F0B5     		push	{r4, r5, r6, r7, lr}
 277 01b2 85B0     		sub	sp, sp, #20
 278 01b4 0390     		str	r0, [sp, #12]
 279 01b6 304E     		ldr	r6, .L52
 280              	.L47:
 281 01b8 3048     		ldr	r0, .L52+4
 282 01ba FFF7FEFF 		bl	PutString
 283 01be 039A     		ldr	r2, [sp, #12]
 284 01c0 341C     		mov	r4, r6
 285 01c2 331C     		mov	r3, r6
ARM GAS  C:\DOCUME~1\NIZINS~1\LOCALS~1\Temp\ccAkZjmb.s 			page 6


 286 01c4 0F21     		mov	r1, #15
 287              	.L39:
 288 01c6 1078     		ldrb	r0, [r2]
 289 01c8 2D4D     		ldr	r5, .L52+8
 290 01ca 0009     		lsr	r0, r0, #4
 291 01cc 285C     		ldrb	r0, [r5, r0]
 292 01ce 1870     		strb	r0, [r3]
 293 01d0 1078     		ldrb	r0, [r2]
 294 01d2 0840     		and	r0, r0, r1
 295 01d4 285C     		ldrb	r0, [r5, r0]
 296 01d6 2B4F     		ldr	r7, .L52+12
 297 01d8 5870     		strb	r0, [r3, #1]
 298 01da 0233     		add	r3, r3, #2
 299 01dc 0132     		add	r2, r2, #1
 300 01de BB42     		cmp	r3, r7
 301 01e0 F1D1     		bne	.L39
 302 01e2 254D     		ldr	r5, .L52
 303 01e4 0023     		mov	r3, #0
 304 01e6 2B73     		strb	r3, [r5, #12]
 305 01e8 281C     		mov	r0, r5
 306 01ea 3C21     		mov	r1, #60
 307 01ec FFF7FEFF 		bl	GetLine
 308 01f0 0028     		cmp	r0, #0
 309 01f2 3DD0     		beq	.L38
 310 01f4 0023     		mov	r3, #0
 311 01f6 AC46     		mov	ip, r5
 312 01f8 19E0     		b	.L41
 313              	.L43:
 314 01fa 6146     		mov	r1, ip
 315 01fc CA5C     		ldrb	r2, [r1, r3]
 316 01fe 151C     		mov	r5, r2
 317 0200 3A3D     		sub	r5, r5, #58
 318 0202 2D06     		lsl	r5, r5, #24
 319 0204 2D0E     		lsr	r5, r5, #24
 320 0206 0027     		mov	r7, #0
 321 0208 0621     		mov	r1, #6
 322 020a A942     		cmp	r1, r5
 323 020c 7F41     		adc	r7, r7, r7
 324 020e 3D1C     		mov	r5, r7
 325 0210 0197     		str	r7, [sp, #4]
 326 0212 002D     		cmp	r5, #0
 327 0214 09D1     		bne	.L50
 328 0216 2F2A     		cmp	r2, #47
 329 0218 07D9     		bls	.L50
 330 021a 151C     		mov	r5, r2
 331 021c 473D     		sub	r5, r5, #71
 332 021e 2D06     		lsl	r5, r5, #24
 333 0220 2D0E     		lsr	r5, r5, #24
 334 0222 192D     		cmp	r5, #25
 335 0224 01D9     		bls	.L50
 336 0226 662A     		cmp	r2, #102
 337 0228 00D9     		bls	.L42
 338              	.L50:
 339 022a 0D20     		mov	r0, #13
 340              	.L42:
 341 022c 0133     		add	r3, r3, #1
 342              	.L41:
ARM GAS  C:\DOCUME~1\NIZINS~1\LOCALS~1\Temp\ccAkZjmb.s 			page 7


 343 022e 8342     		cmp	r3, r0
 344 0230 E3DB     		blt	.L43
 345 0232 0C28     		cmp	r0, #12
 346 0234 18DC     		bgt	.L44
 347 0236 C207     		lsl	r2, r0, #31
 348 0238 16D4     		bmi	.L44
 349 023a 039B     		ldr	r3, [sp, #12]
 350 023c 4710     		asr	r7, r0, #1
 351 023e DD1B     		sub	r5, r3, r7
 352 0240 0635     		add	r5, r5, #6
 353 0242 0026     		mov	r6, #0
 354 0244 0DE0     		b	.L45
 355              	.L46:
 356 0246 2078     		ldrb	r0, [r4]
 357 0248 FFF7FEFF 		bl	hex2bin
 358 024c 0390     		str	r0, [sp, #12]
 359 024e 6078     		ldrb	r0, [r4, #1]
 360 0250 FFF7FEFF 		bl	hex2bin
 361 0254 0399     		ldr	r1, [sp, #12]
 362 0256 0B01     		lsl	r3, r1, #4
 363 0258 1818     		add	r0, r3, r0
 364 025a 2870     		strb	r0, [r5]
 365 025c 0136     		add	r6, r6, #1
 366 025e 0234     		add	r4, r4, #2
 367 0260 0135     		add	r5, r5, #1
 368              	.L45:
 369 0262 BE42     		cmp	r6, r7
 370 0264 EFDB     		blt	.L46
 371 0266 03E0     		b	.L38
 372              	.L44:
 373 0268 0748     		ldr	r0, .L52+16
 374 026a FFF7FEFF 		bl	PutString
 375 026e A3E7     		b	.L47
 376              	.L38:
 377 0270 05B0     		add	sp, sp, #20
 378              		@ sp needed for prologue
 379 0272 F0BC     		pop	{r4, r5, r6, r7}
 380 0274 01BC     		pop	{r0}
 381 0276 0047     		bx	r0
 382              	.L53:
 383              		.align	2
 384              	.L52:
 385 0278 00000000 		.word	.LANCHOR0
 386 027c 15000000 		.word	.LC23
 387 0280 00000000 		.word	.LANCHOR1
 388 0284 0C000000 		.word	.LANCHOR0+12
 389 0288 24000000 		.word	.LC27
 390              		.size	GetMac, .-GetMac
 391              		.section	.rodata
 392              		.align	2
 393              		.set	.LANCHOR1,. + 0
 394              		.type	hexdigit, %object
 395              		.size	hexdigit, 17
 396              	hexdigit:
 397 0000 30313233 		.ascii	"0123456789ABCDEF\000"
 397      34353637 
 397      38394142 
ARM GAS  C:\DOCUME~1\NIZINS~1\LOCALS~1\Temp\ccAkZjmb.s 			page 8


 397      43444546 
 397      00
 398 0011 000000   		.section	.rodata.str1.1,"aMS",%progbits,1
 399              	.LC2:
 400 0000 0A00     		.ascii	"\012\000"
 401              	.LC4:
 402 0002 3A2000   		.ascii	": \000"
 403              	.LC7:
 404 0005 42616420 		.ascii	"Bad IP address \000"
 404      49502061 
 404      64647265 
 404      73732000 
 405              	.LC23:
 406 0015 0A4D4143 		.ascii	"\012MAC address: \000"
 406      20616464 
 406      72657373 
 406      3A2000
 407              	.LC27:
 408 0024 42616420 		.ascii	"Bad MAC address\000"
 408      4D414320 
 408      61646472 
 408      65737300 
 409              		.bss
 410              		.align	2
 411              		.set	.LANCHOR0,. + 0
 412              		.type	inbuff, %object
 413              		.size	inbuff, 60
 414              	inbuff:
 415 0000 00000000 		.space	60
 415      00000000 
 415      00000000 
 415      00000000 
 415      00000000 
 416              		.type	buf, %object
 417              		.size	buf, 9
 418              	buf:
 419 003c 00000000 		.space	9
 419      00000000 
 419      00
 420 0045 000000   		.ident	"GCC: (GNU) 4.5.2"
ARM GAS  C:\DOCUME~1\NIZINS~1\LOCALS~1\Temp\ccAkZjmb.s 			page 9


DEFINED SYMBOLS
                            *ABS*:00000000 dialog.c
C:\DOCUME~1\NIZINS~1\LOCALS~1\Temp\ccAkZjmb.s:14     .text:00000000 $t
C:\DOCUME~1\NIZINS~1\LOCALS~1\Temp\ccAkZjmb.s:19     .text:00000000 PutString
C:\DOCUME~1\NIZINS~1\LOCALS~1\Temp\ccAkZjmb.s:50     .text:0000002c GetLine
C:\DOCUME~1\NIZINS~1\LOCALS~1\Temp\ccAkZjmb.s:101    .text:00000090 $d
C:\DOCUME~1\NIZINS~1\LOCALS~1\Temp\ccAkZjmb.s:103    .text:00000094 $t
C:\DOCUME~1\NIZINS~1\LOCALS~1\Temp\ccAkZjmb.s:108    .text:00000094 GetIP
C:\DOCUME~1\NIZINS~1\LOCALS~1\Temp\ccAkZjmb.s:151    .text:000000ec $d
C:\DOCUME~1\NIZINS~1\LOCALS~1\Temp\ccAkZjmb.s:156    .text:000000fc $t
C:\DOCUME~1\NIZINS~1\LOCALS~1\Temp\ccAkZjmb.s:161    .text:000000fc PutHex
C:\DOCUME~1\NIZINS~1\LOCALS~1\Temp\ccAkZjmb.s:187    .text:00000128 $d
C:\DOCUME~1\NIZINS~1\LOCALS~1\Temp\ccAkZjmb.s:190    .text:00000130 $t
C:\DOCUME~1\NIZINS~1\LOCALS~1\Temp\ccAkZjmb.s:195    .text:00000130 PutShortHex
C:\DOCUME~1\NIZINS~1\LOCALS~1\Temp\ccAkZjmb.s:227    .text:00000168 $d
C:\DOCUME~1\NIZINS~1\LOCALS~1\Temp\ccAkZjmb.s:230    .text:00000170 $t
C:\DOCUME~1\NIZINS~1\LOCALS~1\Temp\ccAkZjmb.s:235    .text:00000170 PutLongHex
C:\DOCUME~1\NIZINS~1\LOCALS~1\Temp\ccAkZjmb.s:267    .text:000001a8 $d
C:\DOCUME~1\NIZINS~1\LOCALS~1\Temp\ccAkZjmb.s:270    .text:000001b0 $t
C:\DOCUME~1\NIZINS~1\LOCALS~1\Temp\ccAkZjmb.s:275    .text:000001b0 GetMac
C:\DOCUME~1\NIZINS~1\LOCALS~1\Temp\ccAkZjmb.s:385    .text:00000278 $d
C:\DOCUME~1\NIZINS~1\LOCALS~1\Temp\ccAkZjmb.s:392    .rodata:00000000 $d
C:\DOCUME~1\NIZINS~1\LOCALS~1\Temp\ccAkZjmb.s:396    .rodata:00000000 hexdigit
C:\DOCUME~1\NIZINS~1\LOCALS~1\Temp\ccAkZjmb.s:410    .bss:00000000 $d
C:\DOCUME~1\NIZINS~1\LOCALS~1\Temp\ccAkZjmb.s:414    .bss:00000000 inbuff
C:\DOCUME~1\NIZINS~1\LOCALS~1\Temp\ccAkZjmb.s:418    .bss:0000003c buf

UNDEFINED SYMBOLS
UartTx
UartRx
strcpy_
inet_addr
hex2bin
