ARM GAS  C:\DOCUME~1\NIZINS~1\LOCALS~1\Temp\ccDUbFdB.s 			page 1


   1              		.cpu arm7tdmi
   2              		.fpu softvfp
   3              		.eabi_attribute 20, 1
   4              		.eabi_attribute 21, 1
   5              		.eabi_attribute 23, 3
   6              		.eabi_attribute 24, 1
   7              		.eabi_attribute 25, 1
   8              		.eabi_attribute 26, 1
   9              		.eabi_attribute 30, 4
  10              		.eabi_attribute 18, 4
  11              		.code	16
  12              		.file	"tftp.c"
  13              		.text
  14              		.align	1
  15              		.global	StoreBlock
  16              		.code	16
  17              		.thumb_func
  18              		.type	StoreBlock, %function
  19              	StoreBlock:
  20 0000 30B5     		push	{r4, r5, lr}
  21 0002 8022     		mov	r2, #128
  22 0004 4002     		lsl	r0, r0, #9
  23 0006 9200     		lsl	r2, r2, #2
  24 0008 8318     		add	r3, r0, r2
  25              	.L2:
  26 000a 4D78     		ldrb	r5, [r1, #1]
  27 000c 8A78     		ldrb	r2, [r1, #2]
  28 000e 0C78     		ldrb	r4, [r1]
  29 0010 2D02     		lsl	r5, r5, #8
  30 0012 1204     		lsl	r2, r2, #16
  31 0014 2A43     		orr	r2, r2, r5
  32 0016 2243     		orr	r2, r2, r4
  33 0018 CC78     		ldrb	r4, [r1, #3]
  34 001a 2406     		lsl	r4, r4, #24
  35 001c 2243     		orr	r2, r2, r4
  36 001e 04C0     		stmia	r0!, {r2}
  37 0020 0431     		add	r1, r1, #4
  38 0022 9842     		cmp	r0, r3
  39 0024 F1D1     		bne	.L2
  40              		@ sp needed for prologue
  41 0026 30BC     		pop	{r4, r5}
  42 0028 01BC     		pop	{r0}
  43 002a 0047     		bx	r0
  44              		.size	StoreBlock, .-StoreBlock
  45              		.align	1
  46              		.global	TftpRecv
  47              		.code	16
  48              		.thumb_func
  49              		.type	TftpRecv, %function
  50              	TftpRecv:
  51 002c F0B5     		push	{r4, r5, r6, r7, lr}
  52 002e 614B     		ldr	r3, .L24
  53 0030 DA78     		ldrb	r2, [r3, #3]
  54 0032 9978     		ldrb	r1, [r3, #2]
  55 0034 1202     		lsl	r2, r2, #8
  56 0036 0A43     		orr	r2, r2, r1
  57 0038 1979     		ldrb	r1, [r3, #4]
ARM GAS  C:\DOCUME~1\NIZINS~1\LOCALS~1\Temp\ccDUbFdB.s 			page 2


  58 003a 0904     		lsl	r1, r1, #16
  59 003c 0A43     		orr	r2, r2, r1
  60 003e 5979     		ldrb	r1, [r3, #5]
  61 0040 0906     		lsl	r1, r1, #24
  62 0042 85B0     		sub	sp, sp, #20
  63 0044 0020     		mov	r0, #0
  64 0046 1143     		orr	r1, r2
  65 0048 00D1     		bne	.LCB50
  66 004a AEE0     		b	.L5	@long jump
  67              	.LCB50:
  68 004c 5A4A     		ldr	r2, .L24+4
  69 004e 111C     		mov	r1, r2
  70 0050 2A31     		add	r1, r1, #42
  71 0052 0870     		strb	r0, [r1]
  72 0054 2B32     		add	r2, r2, #43
  73 0056 0121     		mov	r1, #1
  74 0058 1170     		strb	r1, [r2]
  75 005a 9A79     		ldrb	r2, [r3, #6]
  76 005c 0633     		add	r3, r3, #6
  77 005e 002A     		cmp	r2, #0
  78 0060 00D1     		bne	.L6
  79 0062 564B     		ldr	r3, .L24+8
  80              	.L6:
  81 0064 5648     		ldr	r0, .L24+12
  82 0066 0224     		mov	r4, #2
  83              	.L7:
  84 0068 1A78     		ldrb	r2, [r3]
  85 006a 0134     		add	r4, r4, #1
  86 006c 0270     		strb	r2, [r0]
  87 006e 0133     		add	r3, r3, #1
  88 0070 0130     		add	r0, r0, #1
  89 0072 002A     		cmp	r2, #0
  90 0074 F8D1     		bne	.L7
  91 0076 0634     		add	r4, r4, #6
  92 0078 5249     		ldr	r1, .L24+16
  93 007a 0622     		mov	r2, #6
  94 007c 8A26     		mov	r6, #138
  95 007e FFF7FEFF 		bl	memcpy_
  96 0082 F601     		lsl	r6, r6, #7
  97 0084 0294     		str	r4, [sp, #8]
  98 0086 0025     		mov	r5, #0
  99 0088 0024     		mov	r4, #0
 100              	.L15:
 101 008a 0022     		mov	r2, #0
 102 008c 0192     		str	r2, [sp, #4]
 103 008e 029A     		ldr	r2, [sp, #8]
 104 0090 1304     		lsl	r3, r2, #16
 105 0092 1B0C     		lsr	r3, r3, #16
 106 0094 474F     		ldr	r7, .L24
 107 0096 0393     		str	r3, [sp, #12]
 108              	.L10:
 109 0098 F878     		ldrb	r0, [r7, #3]
 110 009a BB78     		ldrb	r3, [r7, #2]
 111 009c 0002     		lsl	r0, r0, #8
 112 009e 1843     		orr	r0, r0, r3
 113 00a0 3B79     		ldrb	r3, [r7, #4]
 114 00a2 1B04     		lsl	r3, r3, #16
ARM GAS  C:\DOCUME~1\NIZINS~1\LOCALS~1\Temp\ccDUbFdB.s 			page 3


 115 00a4 1843     		orr	r0, r0, r3
 116 00a6 7B79     		ldrb	r3, [r7, #5]
 117 00a8 1B06     		lsl	r3, r3, #24
 118 00aa 1843     		orr	r0, r0, r3
 119 00ac 311C     		mov	r1, r6
 120 00ae 0422     		mov	r2, #4
 121 00b0 039B     		ldr	r3, [sp, #12]
 122 00b2 FFF7FEFF 		bl	UdpOutput
 123 00b6 0028     		cmp	r0, #0
 124 00b8 07DB     		blt	.L8
 125 00ba FA21     		mov	r1, #250
 126 00bc 0420     		mov	r0, #4
 127 00be 4900     		lsl	r1, r1, #1
 128 00c0 FFF7FEFF 		bl	UdpInput
 129 00c4 051C     		mov	r5, r0
 130 00c6 0328     		cmp	r0, #3
 131 00c8 06DC     		bgt	.L9
 132              	.L8:
 133 00ca 019B     		ldr	r3, [sp, #4]
 134 00cc 0133     		add	r3, r3, #1
 135 00ce 1B06     		lsl	r3, r3, #24
 136 00d0 1B0E     		lsr	r3, r3, #24
 137 00d2 0193     		str	r3, [sp, #4]
 138 00d4 032B     		cmp	r3, #3
 139 00d6 DFD1     		bne	.L10
 140              	.L9:
 141 00d8 E90F     		lsr	r1, r5, #31
 142 00da 0023     		mov	r3, #0
 143 00dc 0322     		mov	r2, #3
 144 00de AA42     		cmp	r2, r5
 145 00e0 4B41     		adc	r3, r3, r1
 146 00e2 1B06     		lsl	r3, r3, #24
 147 00e4 002B     		cmp	r3, #0
 148 00e6 5ED1     		bne	.L20
 149 00e8 019B     		ldr	r3, [sp, #4]
 150 00ea 022B     		cmp	r3, #2
 151 00ec 5BD8     		bhi	.L20
 152 00ee 364B     		ldr	r3, .L24+20
 153 00f0 1A78     		ldrb	r2, [r3]
 154 00f2 364B     		ldr	r3, .L24+24
 155 00f4 2B33     		add	r3, r3, #43
 156 00f6 1B78     		ldrb	r3, [r3]
 157 00f8 1B02     		lsl	r3, r3, #8
 158 00fa 1343     		orr	r3, r3, r2
 159 00fc 1B04     		lsl	r3, r3, #16
 160 00fe 1A02     		lsl	r2, r3, #8
 161 0100 120C     		lsr	r2, r2, #16
 162 0102 1B0E     		lsr	r3, r3, #24
 163 0104 1343     		orr	r3, r3, r2
 164 0106 032B     		cmp	r3, #3
 165 0108 4DD1     		bne	.L20
 166 010a 002C     		cmp	r4, #0
 167 010c 0ED1     		bne	.L11
 168 010e 2F4A     		ldr	r2, .L24+24
 169 0110 2E4B     		ldr	r3, .L24+24
 170 0112 0432     		add	r2, r2, #4
 171 0114 D67F     		ldrb	r6, [r2, #31]
ARM GAS  C:\DOCUME~1\NIZINS~1\LOCALS~1\Temp\ccDUbFdB.s 			page 4


 172 0116 0333     		add	r3, r3, #3
 173 0118 DB7F     		ldrb	r3, [r3, #31]
 174 011a 3602     		lsl	r6, r6, #8
 175 011c 2C4A     		ldr	r2, .L24+28
 176 011e 1E43     		orr	r6, r6, r3
 177 0120 254B     		ldr	r3, .L24+4
 178 0122 1470     		strb	r4, [r2]
 179 0124 2B33     		add	r3, r3, #43
 180 0126 0422     		mov	r2, #4
 181 0128 1A70     		strb	r2, [r3]
 182 012a 0292     		str	r2, [sp, #8]
 183              	.L11:
 184 012c 2749     		ldr	r1, .L24+24
 185 012e 0B1C     		mov	r3, r1
 186 0130 2C33     		add	r3, r3, #44
 187 0132 1A78     		ldrb	r2, [r3]
 188 0134 0133     		add	r3, r3, #1
 189 0136 1B78     		ldrb	r3, [r3]
 190 0138 1B02     		lsl	r3, r3, #8
 191 013a 1343     		orr	r3, r3, r2
 192 013c 1B04     		lsl	r3, r3, #16
 193 013e 1A02     		lsl	r2, r3, #8
 194 0140 120C     		lsr	r2, r2, #16
 195 0142 1B0E     		lsr	r3, r3, #24
 196 0144 1343     		orr	r3, r3, r2
 197 0146 621C     		add	r2, r4, #1
 198 0148 9342     		cmp	r3, r2
 199 014a 02D0     		beq	.L12
 200 014c 002C     		cmp	r4, #0
 201 014e 13D1     		bne	.L13
 202 0150 29E0     		b	.L20
 203              	.L12:
 204 0152 042D     		cmp	r5, #4
 205 0154 03D0     		beq	.L14
 206 0156 2E31     		add	r1, r1, #46
 207 0158 201C     		mov	r0, r4
 208 015a FFF7FEFF 		bl	StoreBlock
 209              	.L14:
 210 015e 0134     		add	r4, r4, #1
 211 0160 2104     		lsl	r1, r4, #16
 212 0162 0C0C     		lsr	r4, r1, #16
 213 0164 144B     		ldr	r3, .L24+4
 214 0166 090E     		lsr	r1, r1, #24
 215 0168 2202     		lsl	r2, r4, #8
 216 016a 0A43     		orr	r2, r2, r1
 217 016c 191C     		mov	r1, r3
 218 016e 2C31     		add	r1, r1, #44
 219 0170 0A70     		strb	r2, [r1]
 220 0172 2D33     		add	r3, r3, #45
 221 0174 120A     		lsr	r2, r2, #8
 222 0176 1A70     		strb	r2, [r3]
 223              	.L13:
 224 0178 164B     		ldr	r3, .L24+32
 225 017a 9D42     		cmp	r5, r3
 226 017c 85DC     		bgt	.L15
 227 017e 0D4B     		ldr	r3, .L24
 228 0180 D878     		ldrb	r0, [r3, #3]
ARM GAS  C:\DOCUME~1\NIZINS~1\LOCALS~1\Temp\ccDUbFdB.s 			page 5


 229 0182 9A78     		ldrb	r2, [r3, #2]
 230 0184 0002     		lsl	r0, r0, #8
 231 0186 1043     		orr	r0, r0, r2
 232 0188 1A79     		ldrb	r2, [r3, #4]
 233 018a 5B79     		ldrb	r3, [r3, #5]
 234 018c 1204     		lsl	r2, r2, #16
 235 018e 1043     		orr	r0, r0, r2
 236 0190 029A     		ldr	r2, [sp, #8]
 237 0192 1B06     		lsl	r3, r3, #24
 238 0194 1843     		orr	r0, r0, r3
 239 0196 1304     		lsl	r3, r2, #16
 240 0198 1B0C     		lsr	r3, r3, #16
 241 019a 311C     		mov	r1, r6
 242 019c 0422     		mov	r2, #4
 243 019e FFF7FEFF 		bl	UdpOutput
 244 01a2 0020     		mov	r0, #0
 245 01a4 01E0     		b	.L5
 246              	.L20:
 247 01a6 0120     		mov	r0, #1
 248 01a8 4042     		neg	r0, r0
 249              	.L5:
 250 01aa 05B0     		add	sp, sp, #20
 251              		@ sp needed for prologue
 252 01ac F0BC     		pop	{r4, r5, r6, r7}
 253 01ae 02BC     		pop	{r1}
 254 01b0 0847     		bx	r1
 255              	.L25:
 256 01b2 C046     		.align	2
 257              	.L24:
 258 01b4 00000000 		.word	confboot
 259 01b8 00000000 		.word	sframe
 260 01bc 00000000 		.word	.LC3
 261 01c0 2C000000 		.word	sframe+44
 262 01c4 09000000 		.word	.LC9
 263 01c8 2A000000 		.word	rframe+42
 264 01cc 00000000 		.word	rframe
 265 01d0 2A000000 		.word	sframe+42
 266 01d4 03020000 		.word	515
 267              		.size	TftpRecv, .-TftpRecv
 268              		.section	.rodata.str1.1,"aMS",%progbits,1
 269              	.LC3:
 270 0000 656E7574 		.ascii	"enut.bin\000"
 270      2E62696E 
 270      00
 271              	.LC9:
 272 0009 6F637465 		.ascii	"octet\000"
 272      7400
 273              		.ident	"GCC: (GNU) 4.5.2"
ARM GAS  C:\DOCUME~1\NIZINS~1\LOCALS~1\Temp\ccDUbFdB.s 			page 6


DEFINED SYMBOLS
                            *ABS*:00000000 tftp.c
C:\DOCUME~1\NIZINS~1\LOCALS~1\Temp\ccDUbFdB.s:14     .text:00000000 $t
C:\DOCUME~1\NIZINS~1\LOCALS~1\Temp\ccDUbFdB.s:19     .text:00000000 StoreBlock
C:\DOCUME~1\NIZINS~1\LOCALS~1\Temp\ccDUbFdB.s:50     .text:0000002c TftpRecv
C:\DOCUME~1\NIZINS~1\LOCALS~1\Temp\ccDUbFdB.s:258    .text:000001b4 $d

UNDEFINED SYMBOLS
memcpy_
UdpOutput
UdpInput
confboot
sframe
rframe
